{"uid":"1b09cd78d358e15a","name":"Authorized users can login PharmaNLP application","fullName":"PharmaNLP Login Functionallity: Authorized users can login PharmaNLP application","historyId":"fd150c7000c4c5941c59d28f04489ab5","time":{"start":1712570827081,"stop":1712570827139,"duration":58},"status":"skipped","statusMessage":"Undefined Step. Please add step definition","statusTrace":"java.lang.IllegalStateException: Undefined Step. Please add step definition\r\n\tat io.qameta.allure.cucumber6jvm.AllureCucumber6Jvm.handlePickleStep(AllureCucumber6Jvm.java:406)\r\n\tat io.qameta.allure.cucumber6jvm.AllureCucumber6Jvm.handleTestStepFinished(AllureCucumber6Jvm.java:242)\r\n\tat io.cucumber.core.eventbus.AbstractEventPublisher.send(AbstractEventPublisher.java:51)\r\n\tat io.cucumber.core.eventbus.AbstractEventBus.send(AbstractEventBus.java:12)\r\n\tat io.cucumber.core.runtime.SynchronizedEventBus.send(SynchronizedEventBus.java:47)\r\n\tat io.cucumber.core.runtime.ThreadLocalRunnerSupplier$LocalEventBus.send(ThreadLocalRunnerSupplier.java:66)\r\n\tat io.cucumber.core.runner.TestStep.emitTestStepFinished(TestStep.java:124)\r\n\tat io.cucumber.core.runner.TestStep.run(TestStep.java:74)\r\n\tat io.cucumber.core.runner.PickleStepTestStep.run(PickleStepTestStep.java:51)\r\n\tat io.cucumber.core.runner.TestCase.run(TestCase.java:104)\r\n\tat io.cucumber.core.runner.Runner.runPickle(Runner.java:73)\r\n\tat io.cucumber.junit.PickleRunners$NoStepDescriptions.run(PickleRunners.java:151)\r\n\tat io.cucumber.junit.FeatureRunner.runChild(FeatureRunner.java:135)\r\n\tat io.cucumber.junit.FeatureRunner.runChild(FeatureRunner.java:27)\r\n\tat org.junit.runners.ParentRunner$4.run(ParentRunner.java:331)\r\n\tat org.junit.runners.ParentRunner$1.schedule(ParentRunner.java:79)\r\n\tat org.junit.runners.ParentRunner.runChildren(ParentRunner.java:329)\r\n\tat org.junit.runners.ParentRunner.access$100(ParentRunner.java:66)\r\n\tat org.junit.runners.ParentRunner$2.evaluate(ParentRunner.java:293)\r\n\tat org.junit.runners.ParentRunner$3.evaluate(ParentRunner.java:306)\r\n\tat org.junit.runners.ParentRunner.run(ParentRunner.java:413)\r\n\tat io.cucumber.junit.Cucumber.runChild(Cucumber.java:200)\r\n\tat io.cucumber.junit.Cucumber.runChild(Cucumber.java:90)\r\n\tat org.junit.runners.ParentRunner$4.run(ParentRunner.java:331)\r\n\tat org.junit.runners.ParentRunner$1.schedule(ParentRunner.java:79)\r\n\tat org.junit.runners.ParentRunner.runChildren(ParentRunner.java:329)\r\n\tat org.junit.runners.ParentRunner.access$100(ParentRunner.java:66)\r\n\tat org.junit.runners.ParentRunner$2.evaluate(ParentRunner.java:293)\r\n\tat io.cucumber.junit.Cucumber$RunCucumber.evaluate(Cucumber.java:235)\r\n\tat org.junit.runners.ParentRunner$3.evaluate(ParentRunner.java:306)\r\n\tat org.junit.runners.ParentRunner.run(ParentRunner.java:413)\r\n\tat org.eclipse.jdt.internal.junit4.runner.JUnit4TestReference.run(JUnit4TestReference.java:93)\r\n\tat org.eclipse.jdt.internal.junit.runner.TestExecution.run(TestExecution.java:40)\r\n\tat org.eclipse.jdt.internal.junit.runner.RemoteTestRunner.runTests(RemoteTestRunner.java:529)\r\n\tat org.eclipse.jdt.internal.junit.runner.RemoteTestRunner.runTests(RemoteTestRunner.java:756)\r\n\tat org.eclipse.jdt.internal.junit.runner.RemoteTestRunner.run(RemoteTestRunner.java:452)\r\n\tat org.eclipse.jdt.internal.junit.runner.RemoteTestRunner.main(RemoteTestRunner.java:210)\r\n","flaky":false,"newFailed":false,"newBroken":false,"newPassed":false,"retriesCount":0,"retriesStatusChange":false,"beforeStages":[],"testStage":{"status":"skipped","statusMessage":"Undefined Step. Please add step definition","statusTrace":"java.lang.IllegalStateException: Undefined Step. Please add step definition\r\n\tat io.qameta.allure.cucumber6jvm.AllureCucumber6Jvm.handlePickleStep(AllureCucumber6Jvm.java:406)\r\n\tat io.qameta.allure.cucumber6jvm.AllureCucumber6Jvm.handleTestStepFinished(AllureCucumber6Jvm.java:242)\r\n\tat io.cucumber.core.eventbus.AbstractEventPublisher.send(AbstractEventPublisher.java:51)\r\n\tat io.cucumber.core.eventbus.AbstractEventBus.send(AbstractEventBus.java:12)\r\n\tat io.cucumber.core.runtime.SynchronizedEventBus.send(SynchronizedEventBus.java:47)\r\n\tat io.cucumber.core.runtime.ThreadLocalRunnerSupplier$LocalEventBus.send(ThreadLocalRunnerSupplier.java:66)\r\n\tat io.cucumber.core.runner.TestStep.emitTestStepFinished(TestStep.java:124)\r\n\tat io.cucumber.core.runner.TestStep.run(TestStep.java:74)\r\n\tat io.cucumber.core.runner.PickleStepTestStep.run(PickleStepTestStep.java:51)\r\n\tat io.cucumber.core.runner.TestCase.run(TestCase.java:104)\r\n\tat io.cucumber.core.runner.Runner.runPickle(Runner.java:73)\r\n\tat io.cucumber.junit.PickleRunners$NoStepDescriptions.run(PickleRunners.java:151)\r\n\tat io.cucumber.junit.FeatureRunner.runChild(FeatureRunner.java:135)\r\n\tat io.cucumber.junit.FeatureRunner.runChild(FeatureRunner.java:27)\r\n\tat org.junit.runners.ParentRunner$4.run(ParentRunner.java:331)\r\n\tat org.junit.runners.ParentRunner$1.schedule(ParentRunner.java:79)\r\n\tat org.junit.runners.ParentRunner.runChildren(ParentRunner.java:329)\r\n\tat org.junit.runners.ParentRunner.access$100(ParentRunner.java:66)\r\n\tat org.junit.runners.ParentRunner$2.evaluate(ParentRunner.java:293)\r\n\tat org.junit.runners.ParentRunner$3.evaluate(ParentRunner.java:306)\r\n\tat org.junit.runners.ParentRunner.run(ParentRunner.java:413)\r\n\tat io.cucumber.junit.Cucumber.runChild(Cucumber.java:200)\r\n\tat io.cucumber.junit.Cucumber.runChild(Cucumber.java:90)\r\n\tat org.junit.runners.ParentRunner$4.run(ParentRunner.java:331)\r\n\tat org.junit.runners.ParentRunner$1.schedule(ParentRunner.java:79)\r\n\tat org.junit.runners.ParentRunner.runChildren(ParentRunner.java:329)\r\n\tat org.junit.runners.ParentRunner.access$100(ParentRunner.java:66)\r\n\tat org.junit.runners.ParentRunner$2.evaluate(ParentRunner.java:293)\r\n\tat io.cucumber.junit.Cucumber$RunCucumber.evaluate(Cucumber.java:235)\r\n\tat org.junit.runners.ParentRunner$3.evaluate(ParentRunner.java:306)\r\n\tat org.junit.runners.ParentRunner.run(ParentRunner.java:413)\r\n\tat org.eclipse.jdt.internal.junit4.runner.JUnit4TestReference.run(JUnit4TestReference.java:93)\r\n\tat org.eclipse.jdt.internal.junit.runner.TestExecution.run(TestExecution.java:40)\r\n\tat org.eclipse.jdt.internal.junit.runner.RemoteTestRunner.runTests(RemoteTestRunner.java:529)\r\n\tat org.eclipse.jdt.internal.junit.runner.RemoteTestRunner.runTests(RemoteTestRunner.java:756)\r\n\tat org.eclipse.jdt.internal.junit.runner.RemoteTestRunner.run(RemoteTestRunner.java:452)\r\n\tat org.eclipse.jdt.internal.junit.runner.RemoteTestRunner.main(RemoteTestRunner.java:210)\r\n","steps":[{"name":"Given  User lauch the PharmaNLP application","time":{"start":1712570827090,"stop":1712570827101,"duration":11},"status":"unknown","statusMessage":"Undefined Step. Please add step definition","statusTrace":"java.lang.IllegalStateException: Undefined Step. Please add step definition\r\n\tat io.qameta.allure.cucumber6jvm.AllureCucumber6Jvm.handlePickleStep(AllureCucumber6Jvm.java:406)\r\n\tat io.qameta.allure.cucumber6jvm.AllureCucumber6Jvm.handleTestStepFinished(AllureCucumber6Jvm.java:242)\r\n\tat io.cucumber.core.eventbus.AbstractEventPublisher.send(AbstractEventPublisher.java:51)\r\n\tat io.cucumber.core.eventbus.AbstractEventBus.send(AbstractEventBus.java:12)\r\n\tat io.cucumber.core.runtime.SynchronizedEventBus.send(SynchronizedEventBus.java:47)\r\n\tat io.cucumber.core.runtime.ThreadLocalRunnerSupplier$LocalEventBus.send(ThreadLocalRunnerSupplier.java:66)\r\n\tat io.cucumber.core.runner.TestStep.emitTestStepFinished(TestStep.java:124)\r\n\tat io.cucumber.core.runner.TestStep.run(TestStep.java:74)\r\n\tat io.cucumber.core.runner.PickleStepTestStep.run(PickleStepTestStep.java:51)\r\n\tat io.cucumber.core.runner.TestCase.run(TestCase.java:104)\r\n\tat io.cucumber.core.runner.Runner.runPickle(Runner.java:73)\r\n\tat io.cucumber.junit.PickleRunners$NoStepDescriptions.run(PickleRunners.java:151)\r\n\tat io.cucumber.junit.FeatureRunner.runChild(FeatureRunner.java:135)\r\n\tat io.cucumber.junit.FeatureRunner.runChild(FeatureRunner.java:27)\r\n\tat org.junit.runners.ParentRunner$4.run(ParentRunner.java:331)\r\n\tat org.junit.runners.ParentRunner$1.schedule(ParentRunner.java:79)\r\n\tat org.junit.runners.ParentRunner.runChildren(ParentRunner.java:329)\r\n\tat org.junit.runners.ParentRunner.access$100(ParentRunner.java:66)\r\n\tat org.junit.runners.ParentRunner$2.evaluate(ParentRunner.java:293)\r\n\tat org.junit.runners.ParentRunner$3.evaluate(ParentRunner.java:306)\r\n\tat org.junit.runners.ParentRunner.run(ParentRunner.java:413)\r\n\tat io.cucumber.junit.Cucumber.runChild(Cucumber.java:200)\r\n\tat io.cucumber.junit.Cucumber.runChild(Cucumber.java:90)\r\n\tat org.junit.runners.ParentRunner$4.run(ParentRunner.java:331)\r\n\tat org.junit.runners.ParentRunner$1.schedule(ParentRunner.java:79)\r\n\tat org.junit.runners.ParentRunner.runChildren(ParentRunner.java:329)\r\n\tat org.junit.runners.ParentRunner.access$100(ParentRunner.java:66)\r\n\tat org.junit.runners.ParentRunner$2.evaluate(ParentRunner.java:293)\r\n\tat io.cucumber.junit.Cucumber$RunCucumber.evaluate(Cucumber.java:235)\r\n\tat org.junit.runners.ParentRunner$3.evaluate(ParentRunner.java:306)\r\n\tat org.junit.runners.ParentRunner.run(ParentRunner.java:413)\r\n\tat org.eclipse.jdt.internal.junit4.runner.JUnit4TestReference.run(JUnit4TestReference.java:93)\r\n\tat org.eclipse.jdt.internal.junit.runner.TestExecution.run(TestExecution.java:40)\r\n\tat org.eclipse.jdt.internal.junit.runner.RemoteTestRunner.runTests(RemoteTestRunner.java:529)\r\n\tat org.eclipse.jdt.internal.junit.runner.RemoteTestRunner.runTests(RemoteTestRunner.java:756)\r\n\tat org.eclipse.jdt.internal.junit.runner.RemoteTestRunner.run(RemoteTestRunner.java:452)\r\n\tat org.eclipse.jdt.internal.junit.runner.RemoteTestRunner.main(RemoteTestRunner.java:210)\r\n","steps":[],"attachments":[],"parameters":[],"hasContent":true,"stepsCount":0,"attachmentStep":false,"shouldDisplayMessage":true,"attachmentsCount":0},{"name":"When  User login with valid username and password","time":{"start":1712570827116,"stop":1712570827118,"duration":2},"status":"skipped","steps":[],"attachments":[],"parameters":[],"hasContent":false,"stepsCount":0,"attachmentStep":false,"shouldDisplayMessage":false,"attachmentsCount":0},{"name":"Then  User successfully navigate to My Projects page","time":{"start":1712570827120,"stop":1712570827121,"duration":1},"status":"skipped","steps":[],"attachments":[],"parameters":[],"hasContent":false,"stepsCount":0,"attachmentStep":false,"shouldDisplayMessage":false,"attachmentsCount":0}],"attachments":[],"parameters":[],"hasContent":true,"stepsCount":3,"attachmentStep":false,"shouldDisplayMessage":false,"attachmentsCount":0},"afterStages":[],"labels":[{"name":"host","value":"CS-LP-923"},{"name":"thread","value":"7548@CS-LP-923.main(1)"},{"name":"feature","value":"PharmaNLP Login Functionallity"},{"name":"story","value":"Authorized users can login PharmaNLP application"},{"name":"suite","value":"PharmaNLP Login Functionallity"},{"name":"testClass","value":"Authorized users can login PharmaNLP application"},{"name":"framework","value":"cucumber4jvm"},{"name":"language","value":"java"},{"name":"gherkin_uri","value":"file:///C:/Users/aswin.moorthy/Automation/PNLP_BDD/src/test/resources/features/PNLP_Login.feature"},{"name":"package","value":"src.test.resources.features.PNLP_Login_feature.PharmaNLP Login Functionallity"},{"name":"resultFormat","value":"allure2"}],"parameters":[],"links":[],"hidden":true,"retry":true,"extra":{"categories":[],"tags":[]},"source":"1b09cd78d358e15a.json","parameterValues":[]}